-------------------------------------------------------------------------------
Test set: com.regnquiz.model.ClassListRepositoryTest
-------------------------------------------------------------------------------
Tests run: 1, Failures: 1, Errors: 0, Skipped: 0, Time elapsed: 5.88 s <<< FAILURE! - in com.regnquiz.model.ClassListRepositoryTest
TestClassReturn on TestClassReturn(com.regnquiz.model.ClassListRepositoryTest)(com.regnquiz.model.ClassListRepositoryTest)  Time elapsed: 0.263 s  <<< FAILURE!
org.springframework.dao.DataIntegrityViolationException: could not execute statement; SQL [n/a]; constraint [bookingID_UNIQUE]; nested exception is org.hibernate.exception.ConstraintViolationException: could not execute statement
	at com.regnquiz.model.ClassListRepositoryTest.TestClassReturn(ClassListRepositoryTest.java:45)
Caused by: org.hibernate.exception.ConstraintViolationException: could not execute statement
	at com.regnquiz.model.ClassListRepositoryTest.TestClassReturn(ClassListRepositoryTest.java:45)
Caused by: java.sql.SQLIntegrityConstraintViolationException: Duplicate entry '3-11' for key 'bookingID_UNIQUE'
	at com.regnquiz.model.ClassListRepositoryTest.TestClassReturn(ClassListRepositoryTest.java:45)

