-------------------------------------------------------------------------------
Test set: com.regnquiz.model.UnitRepositoryTest
-------------------------------------------------------------------------------
Tests run: 1, Failures: 1, Errors: 0, Skipped: 0, Time elapsed: 4.482 s <<< FAILURE! - in com.regnquiz.model.UnitRepositoryTest
testUnit on testUnit(com.regnquiz.model.UnitRepositoryTest)(com.regnquiz.model.UnitRepositoryTest)  Time elapsed: 0 s  <<< FAILURE!
java.lang.IllegalStateException: Failed to load ApplicationContext
Caused by: org.springframework.beans.factory.UnsatisfiedDependencyException: Error creating bean with name 'mainController': Unsatisfied dependency expressed through field 'userTypeRepository'; nested exception is org.springframework.beans.factory.BeanCreationException: Error creating bean with name 'userTypeRepository': Invocation of init method failed; nested exception is java.lang.IllegalArgumentException: Failed to create query for method public abstract java.util.List com.regnquiz.model.repositories.UserTypeRepository.findByUserID(int)! No property ID found for type User! Traversed path: UserType.user.
Caused by: org.springframework.beans.factory.BeanCreationException: Error creating bean with name 'userTypeRepository': Invocation of init method failed; nested exception is java.lang.IllegalArgumentException: Failed to create query for method public abstract java.util.List com.regnquiz.model.repositories.UserTypeRepository.findByUserID(int)! No property ID found for type User! Traversed path: UserType.user.
Caused by: java.lang.IllegalArgumentException: Failed to create query for method public abstract java.util.List com.regnquiz.model.repositories.UserTypeRepository.findByUserID(int)! No property ID found for type User! Traversed path: UserType.user.
Caused by: org.springframework.data.mapping.PropertyReferenceException: No property ID found for type User! Traversed path: UserType.user.

