-------------------------------------------------------------------------------
Test set: TestSuite
-------------------------------------------------------------------------------
Tests run: 10, Failures: 2, Errors: 0, Skipped: 0, Time elapsed: 6.882 s <<< FAILURE! - in TestSuite
TestBooking on TestBooking(com.regnquiz.model.BookingRepositoryTest)(com.regnquiz.model.BookingRepositoryTest)  Time elapsed: 0.07 s  <<< FAILURE!
org.springframework.dao.DataIntegrityViolationException: could not execute statement; SQL [n/a]; constraint [PRIMARY]; nested exception is org.hibernate.exception.ConstraintViolationException: could not execute statement
	at com.regnquiz.model.BookingRepositoryTest.TestBooking(BookingRepositoryTest.java:52)
Caused by: org.hibernate.exception.ConstraintViolationException: could not execute statement
	at com.regnquiz.model.BookingRepositoryTest.TestBooking(BookingRepositoryTest.java:52)
Caused by: java.sql.SQLIntegrityConstraintViolationException: Duplicate entry '1' for key 'PRIMARY'
	at com.regnquiz.model.BookingRepositoryTest.TestBooking(BookingRepositoryTest.java:52)

TestVenue on TestVenue(com.regnquiz.model.VenueRepositoryTest)(com.regnquiz.model.VenueRepositoryTest)  Time elapsed: 0.029 s  <<< FAILURE!
org.springframework.dao.InvalidDataAccessResourceUsageException: could not extract ResultSet; SQL [n/a]; nested exception is org.hibernate.exception.SQLGrammarException: could not extract ResultSet
	at com.regnquiz.model.VenueRepositoryTest.saveData(VenueRepositoryTest.java:71)
	at com.regnquiz.model.VenueRepositoryTest.TestVenue(VenueRepositoryTest.java:42)
Caused by: org.hibernate.exception.SQLGrammarException: could not extract ResultSet
	at com.regnquiz.model.VenueRepositoryTest.saveData(VenueRepositoryTest.java:71)
	at com.regnquiz.model.VenueRepositoryTest.TestVenue(VenueRepositoryTest.java:42)
Caused by: java.sql.SQLSyntaxErrorException: In aggregated query without GROUP BY, expression #1 of SELECT list contains nonaggregated column 'regngo.venue0_.venueID'; this is incompatible with sql_mode=only_full_group_by
	at com.regnquiz.model.VenueRepositoryTest.saveData(VenueRepositoryTest.java:71)
	at com.regnquiz.model.VenueRepositoryTest.TestVenue(VenueRepositoryTest.java:42)

