<?xml version="1.0" encoding="UTF-8"?>
<testsuite xmlns:xsi="http://www.w3.org/2001/XMLSchema-instance" xsi:noNamespaceSchemaLocation="https://maven.apache.org/surefire/maven-surefire-plugin/xsd/surefire-test-report.xsd" name="TestSuite" time="8.078" tests="10" errors="0" skipped="0" failures="3">
  <properties>
[...]
</properties>
  <testcase name="TestAnswers on TestAnswers(com.regnquiz.model.StudentQuestionReviewTest)" classname="com.regnquiz.model.StudentQuestionReviewTest" time="0.139"/>
  <testcase name="RunLectureAdmin on RunLectureAdmin(com.regnquiz.model.LectureAdminTest)" classname="com.regnquiz.model.LectureAdminTest" time="0.042">
    <failure message="No value present" type="java.util.NoSuchElementException">java.util.NoSuchElementException: No value present
	at com.regnquiz.model.LectureAdminTest.RunLectureAdmin(LectureAdminTest.java:40)
</failure>
    <system-out><![CDATA[2019-10-15 10:21:09.408  INFO 4838 --- [           main] .b.t.c.SpringBootTestContextBootstrapper : Neither @ContextConfiguration nor @ContextHierarchy found for test class [com.regnquiz.model.LectureAdminTest], using SpringBootContextLoader
2019-10-15 10:21:09.409  INFO 4838 --- [           main] o.s.t.c.support.AbstractContextLoader    : Could not detect default resource locations for test class [com.regnquiz.model.LectureAdminTest]: no resource found for suffixes {-context.xml, Context.groovy}.
2019-10-15 10:21:09.409  INFO 4838 --- [           main] t.c.s.AnnotationConfigContextLoaderUtils : Could not detect default configuration classes for test class [com.regnquiz.model.LectureAdminTest]: LectureAdminTest does not declare any static, non-private, non-final, nested classes annotated with @Configuration.
2019-10-15 10:21:09.410  INFO 4838 --- [           main] .b.t.c.SpringBootTestContextBootstrapper : Found @SpringBootConfiguration com.regnquiz.Application for test class com.regnquiz.model.LectureAdminTest
2019-10-15 10:21:09.411  INFO 4838 --- [           main] .b.t.c.SpringBootTestContextBootstrapper : Loaded default TestExecutionListener class names from location [META-INF/spring.factories]: [org.springframework.boot.test.mock.mockito.MockitoTestExecutionListener, org.springframework.boot.test.mock.mockito.ResetMocksTestExecutionListener, org.springframework.boot.test.autoconfigure.restdocs.RestDocsTestExecutionListener, org.springframework.boot.test.autoconfigure.web.client.MockRestServiceServerResetTestExecutionListener, org.springframework.boot.test.autoconfigure.web.servlet.MockMvcPrintOnlyOnFailureTestExecutionListener, org.springframework.boot.test.autoconfigure.web.servlet.WebDriverTestExecutionListener, org.springframework.test.context.web.ServletTestExecutionListener, org.springframework.test.context.support.DirtiesContextBeforeModesTestExecutionListener, org.springframework.test.context.support.DependencyInjectionTestExecutionListener, org.springframework.test.context.support.DirtiesContextTestExecutionListener, org.springframework.test.context.transaction.TransactionalTestExecutionListener, org.springframework.test.context.jdbc.SqlScriptsTestExecutionListener]
2019-10-15 10:21:09.412  INFO 4838 --- [           main] .b.t.c.SpringBootTestContextBootstrapper : Using TestExecutionListeners: [org.springframework.test.context.web.ServletTestExecutionListener@434b2e0c, org.springframework.test.context.support.DirtiesContextBeforeModesTestExecutionListener@214e3185, org.springframework.boot.test.mock.mockito.MockitoTestExecutionListener@75345e47, org.springframework.boot.test.autoconfigure.SpringBootDependencyInjectionTestExecutionListener@36f40d72, org.springframework.test.context.support.DirtiesContextTestExecutionListener@2c557eee, org.springframework.test.context.transaction.TransactionalTestExecutionListener@7c47b0f8, org.springframework.test.context.jdbc.SqlScriptsTestExecutionListener@2b561f51, org.springframework.boot.test.mock.mockito.ResetMocksTestExecutionListener@3d5f08d4, org.springframework.boot.test.autoconfigure.restdocs.RestDocsTestExecutionListener@3afaa39f, org.springframework.boot.test.autoconfigure.web.client.MockRestServiceServerResetTestExecutionListener@7b7b1448, org.springframework.boot.test.autoconfigure.web.servlet.MockMvcPrintOnlyOnFailureTestExecutionListener@60cc20e1, org.springframework.boot.test.autoconfigure.web.servlet.WebDriverTestExecutionListener@25109d84]
2019-10-15 10:21:09.429 DEBUG 4838 --- [           main] org.hibernate.SQL                        : 
    select
        user0_.userID as userID1_9_0_,
        user0_.givenName as givenNam2_9_0_,
        user0_.lastName as lastName3_9_0_,
        user0_.preferredName as preferre4_9_0_ 
    from
        User user0_ 
    where
        user0_.userID=?
Hibernate: 
    select
        user0_.userID as userID1_9_0_,
        user0_.givenName as givenNam2_9_0_,
        user0_.lastName as lastName3_9_0_,
        user0_.preferredName as preferre4_9_0_ 
    from
        User user0_ 
    where
        user0_.userID=?
2019-10-15 10:21:09.430 TRACE 4838 --- [           main] o.h.type.descriptor.sql.BasicBinder      : binding parameter [1] as [INTEGER] - [2]
]]></system-out>
  </testcase>
  <testcase name="TestStudent on TestStudent(com.regnquiz.model.StudentImportTest)" classname="com.regnquiz.model.StudentImportTest" time="0.042"/>
  <testcase name="TestBooking on TestBooking(com.regnquiz.model.BookingRepositoryTest)" classname="com.regnquiz.model.BookingRepositoryTest" time="0.172"/>
  <testcase name="TestQuestion on TestQuestion(com.regnquiz.model.BookingQuestionRepositoryTest)" classname="com.regnquiz.model.BookingQuestionRepositoryTest" time="0.002"/>
  <testcase name="TestClassReturn on TestClassReturn(com.regnquiz.model.ClassListRepositoryTest)" classname="com.regnquiz.model.ClassListRepositoryTest" time="0.011"/>
  <testcase name="TestVenue on TestVenue(com.regnquiz.model.VenueImportTest)" classname="com.regnquiz.model.VenueImportTest" time="0.025"/>
  <testcase name="Start on Start(com.regnquiz.model.LectureRunTest)" classname="com.regnquiz.model.LectureRunTest" time="0.012">
    <failure message="No value present" type="java.util.NoSuchElementException">java.util.NoSuchElementException: No value present
	at com.regnquiz.model.LectureRunTest.Start(LectureRunTest.java:29)
</failure>
    <system-out><![CDATA[2019-10-15 10:21:09.752  INFO 4838 --- [           main] .b.t.c.SpringBootTestContextBootstrapper : Neither @ContextConfiguration nor @ContextHierarchy found for test class [com.regnquiz.model.LectureRunTest], using SpringBootContextLoader
2019-10-15 10:21:09.753  INFO 4838 --- [           main] o.s.t.c.support.AbstractContextLoader    : Could not detect default resource locations for test class [com.regnquiz.model.LectureRunTest]: no resource found for suffixes {-context.xml, Context.groovy}.
2019-10-15 10:21:09.753  INFO 4838 --- [           main] t.c.s.AnnotationConfigContextLoaderUtils : Could not detect default configuration classes for test class [com.regnquiz.model.LectureRunTest]: LectureRunTest does not declare any static, non-private, non-final, nested classes annotated with @Configuration.
2019-10-15 10:21:09.755  INFO 4838 --- [           main] .b.t.c.SpringBootTestContextBootstrapper : Found @SpringBootConfiguration com.regnquiz.Application for test class com.regnquiz.model.LectureRunTest
2019-10-15 10:21:09.757  INFO 4838 --- [           main] .b.t.c.SpringBootTestContextBootstrapper : Loaded default TestExecutionListener class names from location [META-INF/spring.factories]: [org.springframework.boot.test.mock.mockito.MockitoTestExecutionListener, org.springframework.boot.test.mock.mockito.ResetMocksTestExecutionListener, org.springframework.boot.test.autoconfigure.restdocs.RestDocsTestExecutionListener, org.springframework.boot.test.autoconfigure.web.client.MockRestServiceServerResetTestExecutionListener, org.springframework.boot.test.autoconfigure.web.servlet.MockMvcPrintOnlyOnFailureTestExecutionListener, org.springframework.boot.test.autoconfigure.web.servlet.WebDriverTestExecutionListener, org.springframework.test.context.web.ServletTestExecutionListener, org.springframework.test.context.support.DirtiesContextBeforeModesTestExecutionListener, org.springframework.test.context.support.DependencyInjectionTestExecutionListener, org.springframework.test.context.support.DirtiesContextTestExecutionListener, org.springframework.test.context.transaction.TransactionalTestExecutionListener, org.springframework.test.context.jdbc.SqlScriptsTestExecutionListener]
2019-10-15 10:21:09.757  INFO 4838 --- [           main] .b.t.c.SpringBootTestContextBootstrapper : Using TestExecutionListeners: [org.springframework.test.context.web.ServletTestExecutionListener@669daa93, org.springframework.test.context.support.DirtiesContextBeforeModesTestExecutionListener@39a30d1a, org.springframework.boot.test.mock.mockito.MockitoTestExecutionListener@670ae31f, org.springframework.boot.test.autoconfigure.SpringBootDependencyInjectionTestExecutionListener@1958524b, org.springframework.test.context.support.DirtiesContextTestExecutionListener@129aaac1, org.springframework.test.context.transaction.TransactionalTestExecutionListener@3370be55, org.springframework.test.context.jdbc.SqlScriptsTestExecutionListener@3d2b13f, org.springframework.boot.test.mock.mockito.ResetMocksTestExecutionListener@58c36104, org.springframework.boot.test.autoconfigure.restdocs.RestDocsTestExecutionListener@1fc8047f, org.springframework.boot.test.autoconfigure.web.client.MockRestServiceServerResetTestExecutionListener@29fc83c5, org.springframework.boot.test.autoconfigure.web.servlet.MockMvcPrintOnlyOnFailureTestExecutionListener@3fb1948c, org.springframework.boot.test.autoconfigure.web.servlet.WebDriverTestExecutionListener@7c39193f]
2019-10-15 10:21:09.767 DEBUG 4838 --- [           main] org.hibernate.SQL                        : 
    select
        booking0_.bookingID as bookingI1_0_0_,
        booking0_.accessCode as accessCo2_0_0_,
        booking0_.bookingLength as bookingL3_0_0_,
        booking0_.date as date4_0_0_,
        booking0_.userID as userID6_0_0_,
        booking0_.time as time5_0_0_,
        booking0_.UnitID as UnitID7_0_0_,
        booking0_.VenueID as VenueID8_0_0_,
        user1_.userID as userID1_9_1_,
        user1_.givenName as givenNam2_9_1_,
        user1_.lastName as lastName3_9_1_,
        user1_.preferredName as preferre4_9_1_,
        unit2_.unitID as unitID1_8_2_,
        unit2_.UserID as UserID5_8_2_,
        unit2_.semesterID as semester6_8_2_,
        unit2_.code as code2_8_2_,
        unit2_.unitName as unitName3_8_2_,
        unit2_.year as year4_8_2_,
        user3_.userID as userID1_9_3_,
        user3_.givenName as givenNam2_9_3_,
        user3_.lastName as lastName3_9_3_,
        user3_.preferredName as preferre4_9_3_,
        semester4_.semesterID as semester1_5_4_,
        semester4_.description as descript2_5_4_,
        venue5_.venueID as venueID1_11_5_,
        venue5_.building as building2_11_5_,
        venue5_.capacity as capacity3_11_5_,
        venue5_.floor as floor4_11_5_,
        venue5_.room as room5_11_5_ 
    from
        Booking booking0_ 
    left outer join
        User user1_ 
            on booking0_.userID=user1_.userID 
    left outer join
        Unit unit2_ 
            on booking0_.UnitID=unit2_.unitID 
    left outer join
        User user3_ 
            on unit2_.UserID=user3_.userID 
    left outer join
        Semester semester4_ 
            on unit2_.semesterID=semester4_.semesterID 
    left outer join
        Venue venue5_ 
            on booking0_.VenueID=venue5_.venueID 
    where
        booking0_.bookingID=?
Hibernate: 
    select
        booking0_.bookingID as bookingI1_0_0_,
        booking0_.accessCode as accessCo2_0_0_,
        booking0_.bookingLength as bookingL3_0_0_,
        booking0_.date as date4_0_0_,
        booking0_.userID as userID6_0_0_,
        booking0_.time as time5_0_0_,
        booking0_.UnitID as UnitID7_0_0_,
        booking0_.VenueID as VenueID8_0_0_,
        user1_.userID as userID1_9_1_,
        user1_.givenName as givenNam2_9_1_,
        user1_.lastName as lastName3_9_1_,
        user1_.preferredName as preferre4_9_1_,
        unit2_.unitID as unitID1_8_2_,
        unit2_.UserID as UserID5_8_2_,
        unit2_.semesterID as semester6_8_2_,
        unit2_.code as code2_8_2_,
        unit2_.unitName as unitName3_8_2_,
        unit2_.year as year4_8_2_,
        user3_.userID as userID1_9_3_,
        user3_.givenName as givenNam2_9_3_,
        user3_.lastName as lastName3_9_3_,
        user3_.preferredName as preferre4_9_3_,
        semester4_.semesterID as semester1_5_4_,
        semester4_.description as descript2_5_4_,
        venue5_.venueID as venueID1_11_5_,
        venue5_.building as building2_11_5_,
        venue5_.capacity as capacity3_11_5_,
        venue5_.floor as floor4_11_5_,
        venue5_.room as room5_11_5_ 
    from
        Booking booking0_ 
    left outer join
        User user1_ 
            on booking0_.userID=user1_.userID 
    left outer join
        Unit unit2_ 
            on booking0_.UnitID=unit2_.unitID 
    left outer join
        User user3_ 
            on unit2_.UserID=user3_.userID 
    left outer join
        Semester semester4_ 
            on unit2_.semesterID=semester4_.semesterID 
    left outer join
        Venue venue5_ 
            on booking0_.VenueID=venue5_.venueID 
    where
        booking0_.bookingID=?
2019-10-15 10:21:09.767 TRACE 4838 --- [           main] o.h.type.descriptor.sql.BasicBinder      : binding parameter [1] as [INTEGER] - [3]
]]></system-out>
  </testcase>
  <testcase name="InsertData on InsertData(com.regnquiz.model.UserRepositoryTest)" classname="com.regnquiz.model.UserRepositoryTest" time="0.122"/>
  <testcase name="TestVenue on TestVenue(com.regnquiz.model.VenueRepositoryTest)" classname="com.regnquiz.model.VenueRepositoryTest" time="0.058">
    <failure message="could not extract ResultSet; SQL [n/a]; nested exception is org.hibernate.exception.SQLGrammarException: could not extract ResultSet" type="org.springframework.dao.InvalidDataAccessResourceUsageException">org.springframework.dao.InvalidDataAccessResourceUsageException: could not extract ResultSet; SQL [n/a]; nested exception is org.hibernate.exception.SQLGrammarException: could not extract ResultSet
	at com.regnquiz.model.VenueRepositoryTest.saveData(VenueRepositoryTest.java:71)
	at com.regnquiz.model.VenueRepositoryTest.TestVenue(VenueRepositoryTest.java:42)
Caused by: org.hibernate.exception.SQLGrammarException: could not extract ResultSet
	at com.regnquiz.model.VenueRepositoryTest.saveData(VenueRepositoryTest.java:71)
	at com.regnquiz.model.VenueRepositoryTest.TestVenue(VenueRepositoryTest.java:42)
Caused by: java.sql.SQLSyntaxErrorException: In aggregated query without GROUP BY, expression #1 of SELECT list contains nonaggregated column 'regngo.venue0_.venueID'; this is incompatible with sql_mode=only_full_group_by
	at com.regnquiz.model.VenueRepositoryTest.saveData(VenueRepositoryTest.java:71)
	at com.regnquiz.model.VenueRepositoryTest.TestVenue(VenueRepositoryTest.java:42)
</failure>
    <system-out><![CDATA[2019-10-15 10:21:09.901  INFO 4838 --- [           main] .b.t.c.SpringBootTestContextBootstrapper : Neither @ContextConfiguration nor @ContextHierarchy found for test class [com.regnquiz.model.VenueRepositoryTest], using SpringBootContextLoader
2019-10-15 10:21:09.902  INFO 4838 --- [           main] o.s.t.c.support.AbstractContextLoader    : Could not detect default resource locations for test class [com.regnquiz.model.VenueRepositoryTest]: no resource found for suffixes {-context.xml, Context.groovy}.
2019-10-15 10:21:09.902  INFO 4838 --- [           main] t.c.s.AnnotationConfigContextLoaderUtils : Could not detect default configuration classes for test class [com.regnquiz.model.VenueRepositoryTest]: VenueRepositoryTest does not declare any static, non-private, non-final, nested classes annotated with @Configuration.
2019-10-15 10:21:09.903  INFO 4838 --- [           main] .b.t.c.SpringBootTestContextBootstrapper : Found @SpringBootConfiguration com.regnquiz.Application for test class com.regnquiz.model.VenueRepositoryTest
2019-10-15 10:21:09.904  INFO 4838 --- [           main] .b.t.c.SpringBootTestContextBootstrapper : Loaded default TestExecutionListener class names from location [META-INF/spring.factories]: [org.springframework.boot.test.mock.mockito.MockitoTestExecutionListener, org.springframework.boot.test.mock.mockito.ResetMocksTestExecutionListener, org.springframework.boot.test.autoconfigure.restdocs.RestDocsTestExecutionListener, org.springframework.boot.test.autoconfigure.web.client.MockRestServiceServerResetTestExecutionListener, org.springframework.boot.test.autoconfigure.web.servlet.MockMvcPrintOnlyOnFailureTestExecutionListener, org.springframework.boot.test.autoconfigure.web.servlet.WebDriverTestExecutionListener, org.springframework.test.context.web.ServletTestExecutionListener, org.springframework.test.context.support.DirtiesContextBeforeModesTestExecutionListener, org.springframework.test.context.support.DependencyInjectionTestExecutionListener, org.springframework.test.context.support.DirtiesContextTestExecutionListener, org.springframework.test.context.transaction.TransactionalTestExecutionListener, org.springframework.test.context.jdbc.SqlScriptsTestExecutionListener]
2019-10-15 10:21:09.904  INFO 4838 --- [           main] .b.t.c.SpringBootTestContextBootstrapper : Using TestExecutionListeners: [org.springframework.test.context.web.ServletTestExecutionListener@4714f447, org.springframework.test.context.support.DirtiesContextBeforeModesTestExecutionListener@3c1df0e9, org.springframework.boot.test.mock.mockito.MockitoTestExecutionListener@4b7a4c83, org.springframework.boot.test.autoconfigure.SpringBootDependencyInjectionTestExecutionListener@768e40af, org.springframework.test.context.support.DirtiesContextTestExecutionListener@165824f5, org.springframework.test.context.transaction.TransactionalTestExecutionListener@4511146f, org.springframework.test.context.jdbc.SqlScriptsTestExecutionListener@5c16561a, org.springframework.boot.test.mock.mockito.ResetMocksTestExecutionListener@5819ee0f, org.springframework.boot.test.autoconfigure.restdocs.RestDocsTestExecutionListener@f310675, org.springframework.boot.test.autoconfigure.web.client.MockRestServiceServerResetTestExecutionListener@424ec990, org.springframework.boot.test.autoconfigure.web.servlet.MockMvcPrintOnlyOnFailureTestExecutionListener@2c06e145, org.springframework.boot.test.autoconfigure.web.servlet.WebDriverTestExecutionListener@3b780b5c]
2019-10-15 10:21:09.941 DEBUG 4838 --- [           main] org.hibernate.SQL                        : 
    /* SELECT
        case 
            when count(v.venueID) = 0 then 0 
            else v.venueID 
        end 
    FROM
        Venue v 
    WHERE
        v.building = :building 
        AND floor = :floor 
        AND room = :room */ select
            case 
                when count(venue0_.venueID)=0 then 0 
                else venue0_.venueID 
            end as col_0_0_ 
        from
            Venue venue0_ 
        where
            venue0_.building=? 
            and venue0_.floor=? 
            and venue0_.room=?
Hibernate: 
    /* SELECT
        case 
            when count(v.venueID) = 0 then 0 
            else v.venueID 
        end 
    FROM
        Venue v 
    WHERE
        v.building = :building 
        AND floor = :floor 
        AND room = :room */ select
            case 
                when count(venue0_.venueID)=0 then 0 
                else venue0_.venueID 
            end as col_0_0_ 
        from
            Venue venue0_ 
        where
            venue0_.building=? 
            and venue0_.floor=? 
            and venue0_.room=?
2019-10-15 10:21:09.942 TRACE 4838 --- [           main] o.h.type.descriptor.sql.BasicBinder      : binding parameter [1] as [INTEGER] - [100]
2019-10-15 10:21:09.942 TRACE 4838 --- [           main] o.h.type.descriptor.sql.BasicBinder      : binding parameter [2] as [INTEGER] - [2]
2019-10-15 10:21:09.942 TRACE 4838 --- [           main] o.h.type.descriptor.sql.BasicBinder      : binding parameter [3] as [INTEGER] - [23]
2019-10-15 10:21:09.959  WARN 4838 --- [           main] o.h.engine.jdbc.spi.SqlExceptionHelper   : SQL Error: 1140, SQLState: 42000
2019-10-15 10:21:09.959 ERROR 4838 --- [           main] o.h.engine.jdbc.spi.SqlExceptionHelper   : In aggregated query without GROUP BY, expression #1 of SELECT list contains nonaggregated column 'regngo.venue0_.venueID'; this is incompatible with sql_mode=only_full_group_by
]]></system-out>
  </testcase>
</testsuite>